2024-04-13 15:36:35,975 INFO o.a.j.u.JMeterUtils: Setting Locale to en_US
2024-04-13 15:36:35,996 INFO o.a.j.JMeter: Loading user properties from: /home/daniel/apache-jmeter-5.6.3/bin/user.properties
2024-04-13 15:36:35,997 INFO o.a.j.JMeter: Loading system properties from: /home/daniel/apache-jmeter-5.6.3/bin/system.properties
2024-04-13 15:36:36,004 INFO o.a.j.JMeter: Copyright (c) 1998-2024 The Apache Software Foundation
2024-04-13 15:36:36,004 INFO o.a.j.JMeter: Version 5.6.3
2024-04-13 15:36:36,004 INFO o.a.j.JMeter: java.version=21.0.2
2024-04-13 15:36:36,004 INFO o.a.j.JMeter: java.vm.name=Java HotSpot(TM) 64-Bit Server VM
2024-04-13 15:36:36,004 INFO o.a.j.JMeter: os.name=Linux
2024-04-13 15:36:36,004 INFO o.a.j.JMeter: os.arch=amd64
2024-04-13 15:36:36,004 INFO o.a.j.JMeter: os.version=6.5.0-27-generic
2024-04-13 15:36:36,005 INFO o.a.j.JMeter: file.encoding=UTF-8
2024-04-13 15:36:36,005 INFO o.a.j.JMeter: java.awt.headless=null
2024-04-13 15:36:36,005 INFO o.a.j.JMeter: Max memory     =8258584576
2024-04-13 15:36:36,005 INFO o.a.j.JMeter: Available Processors =16
2024-04-13 15:36:36,013 INFO o.a.j.JMeter: Default Locale=English (United States)
2024-04-13 15:36:36,013 INFO o.a.j.JMeter: JMeter  Locale=English (United States)
2024-04-13 15:36:36,013 INFO o.a.j.JMeter: JMeterHome=/home/daniel/apache-jmeter-5.6.3
2024-04-13 15:36:36,013 INFO o.a.j.JMeter: user.dir  =/home/daniel/Documents/ing.informatica/tercero/segundo/si2/practica/SI2P2_2321_1
2024-04-13 15:36:36,014 INFO o.a.j.JMeter: PWD       =/home/daniel/Documents/ing.informatica/tercero/segundo/si2/practica/SI2P2_2321_1
2024-04-13 15:36:36,014 INFO o.a.j.JMeter: IP: 127.0.1.1 Name: daniel-ROG-Strix-G513IC-G513IC FullName: daniel-ROG-Strix-G513IC-G513IC
2024-04-13 15:36:36,031 INFO o.a.j.JMeter: Loaded icon properties from org/apache/jmeter/images/icon.properties
2024-04-13 15:36:36,288 INFO o.a.j.JMeterGuiLauncher: Setting LAF to: com.github.weisj.darklaf.DarkLaf:com.github.weisj.darklaf.theme.DarculaTheme
2024-04-13 15:36:43,672 INFO o.a.j.s.FileServer: Default base='/home/daniel/Documents/ing.informatica/tercero/segundo/si2/practica/SI2P2_2321_1'
2024-04-13 15:36:43,675 INFO o.a.j.g.a.Load: Loading file: /home/daniel/Documents/ing.informatica/tercero/segundo/si2/practica/SI2P2_2321_1/P2.jmx
2024-04-13 15:36:43,675 INFO o.a.j.s.FileServer: Set new base='/home/daniel/Documents/ing.informatica/tercero/segundo/si2/practica/SI2P2_2321_1'
2024-04-13 15:36:43,853 INFO o.a.j.s.SaveService: Testplan (JMX) version: 2.2. Testlog (JTL) version: 2.2
2024-04-13 15:36:43,860 INFO o.a.j.s.SaveService: Using SaveService properties version 5.0
2024-04-13 15:36:43,863 INFO o.a.j.s.SaveService: Using SaveService properties file encoding UTF-8
2024-04-13 15:36:43,864 INFO o.a.j.s.SaveService: Loading file: /home/daniel/Documents/ing.informatica/tercero/segundo/si2/practica/SI2P2_2321_1/P2.jmx
2024-04-13 15:36:43,900 INFO o.a.j.p.h.s.HTTPSamplerBase: Parser for text/html is org.apache.jmeter.protocol.http.parser.LagartoBasedHtmlParser
2024-04-13 15:36:43,900 INFO o.a.j.p.h.s.HTTPSamplerBase: Parser for application/xhtml+xml is org.apache.jmeter.protocol.http.parser.LagartoBasedHtmlParser
2024-04-13 15:36:43,900 INFO o.a.j.p.h.s.HTTPSamplerBase: Parser for application/xml is org.apache.jmeter.protocol.http.parser.LagartoBasedHtmlParser
2024-04-13 15:36:43,900 INFO o.a.j.p.h.s.HTTPSamplerBase: Parser for text/xml is org.apache.jmeter.protocol.http.parser.LagartoBasedHtmlParser
2024-04-13 15:36:43,900 INFO o.a.j.p.h.s.HTTPSamplerBase: Parser for text/vnd.wap.wml is org.apache.jmeter.protocol.http.parser.RegexpHTMLParser
2024-04-13 15:36:43,901 INFO o.a.j.p.h.s.HTTPSamplerBase: Parser for text/css is org.apache.jmeter.protocol.http.parser.CssParser
2024-04-13 15:36:44,328 INFO o.a.j.s.SampleResult: Note: Sample TimeStamps are START times
2024-04-13 15:36:44,328 INFO o.a.j.s.SampleResult: sampleresult.default.encoding is set to UTF-8
2024-04-13 15:36:44,328 INFO o.a.j.s.SampleResult: sampleresult.useNanoTime=true
2024-04-13 15:36:44,328 INFO o.a.j.s.SampleResult: sampleresult.nanoThreadSleep=5000
2024-04-13 15:36:44,496 INFO o.a.j.s.FileServer: Set new base='/home/daniel/Documents/ing.informatica/tercero/segundo/si2/practica/SI2P2_2321_1'
2024-04-13 15:36:47,092 INFO o.a.j.e.StandardJMeterEngine: Running the test!
2024-04-13 15:36:47,093 INFO o.a.j.s.SampleEvent: List of sample_variables: []
2024-04-13 15:36:47,094 INFO o.a.j.s.SampleEvent: List of sample_variables: []
2024-04-13 15:36:47,095 INFO o.a.j.e.u.CompoundVariable: Note: Function class names must contain the string: '.functions.'
2024-04-13 15:36:47,095 INFO o.a.j.e.u.CompoundVariable: Note: Function class names must not contain the string: '.gui.'
2024-04-13 15:36:47,129 INFO o.a.j.g.u.JMeterMenuBar: setRunning(true, *local*)
2024-04-13 15:36:47,178 INFO o.a.j.e.StandardJMeterEngine: Starting ThreadGroup: 1 : P1-base
2024-04-13 15:36:47,178 INFO o.a.j.e.StandardJMeterEngine: Starting 1 threads for group P1-base.
2024-04-13 15:36:47,178 INFO o.a.j.e.StandardJMeterEngine: Thread will continue on error
2024-04-13 15:36:47,179 INFO o.a.j.t.ThreadGroup: Starting thread group... number=1 threads=1 ramp-up=5 delayedStart=false
2024-04-13 15:36:47,183 INFO o.a.j.t.ThreadGroup: Started thread group number 1
2024-04-13 15:36:47,183 INFO o.a.j.e.StandardJMeterEngine: Waiting for thread group: P1-base to finish before starting next group
2024-04-13 15:36:47,185 INFO o.a.j.t.JMeterThread: Thread started: P1-base 1-1
2024-04-13 15:36:47,187 INFO o.a.j.s.FileServer: Stored: datagen/fichero.csv
2024-04-13 15:36:47,210 INFO o.a.j.p.h.s.HTTPHCAbstractImpl: Local host = daniel-ROG-Strix-G513IC-G513IC
2024-04-13 15:36:47,220 INFO o.a.j.p.h.s.HTTPHC4Impl: HTTP request retry count = 0
2024-04-13 15:37:10,633 INFO o.a.j.t.JMeterThread: Thread is done: P1-base 1-1
2024-04-13 15:37:10,633 INFO o.a.j.t.JMeterThread: Thread finished: P1-base 1-1
2024-04-13 15:37:10,634 INFO o.a.j.e.StandardJMeterEngine: Starting ThreadGroup: 2 : P1-ws
2024-04-13 15:37:10,634 INFO o.a.j.e.StandardJMeterEngine: Starting 1 threads for group P1-ws.
2024-04-13 15:37:10,634 INFO o.a.j.e.StandardJMeterEngine: Thread will continue on error
2024-04-13 15:37:10,634 INFO o.a.j.t.ThreadGroup: Starting thread group... number=2 threads=1 ramp-up=5 delayedStart=false
2024-04-13 15:37:10,635 INFO o.a.j.t.ThreadGroup: Started thread group number 2
2024-04-13 15:37:10,635 INFO o.a.j.e.StandardJMeterEngine: Waiting for thread group: P1-ws to finish before starting next group
2024-04-13 15:37:10,635 INFO o.a.j.t.JMeterThread: Thread started: P1-ws 2-1
2024-04-13 15:37:57,874 INFO o.a.j.t.JMeterThread: Thread is done: P1-ws 2-1
2024-04-13 15:37:57,874 INFO o.a.j.t.JMeterThread: Thread finished: P1-ws 2-1
2024-04-13 15:37:57,874 INFO o.a.j.e.StandardJMeterEngine: Starting ThreadGroup: 3 : P1-ejb
2024-04-13 15:37:57,875 INFO o.a.j.e.StandardJMeterEngine: Starting 1 threads for group P1-ejb.
2024-04-13 15:37:57,875 INFO o.a.j.e.StandardJMeterEngine: Thread will continue on error
2024-04-13 15:37:57,875 INFO o.a.j.t.ThreadGroup: Starting thread group... number=3 threads=1 ramp-up=5 delayedStart=false
2024-04-13 15:37:57,876 INFO o.a.j.t.ThreadGroup: Started thread group number 3
2024-04-13 15:37:57,876 INFO o.a.j.e.StandardJMeterEngine: All thread groups have been started
2024-04-13 15:37:57,876 INFO o.a.j.t.JMeterThread: Thread started: P1-ejb 3-1
2024-04-13 15:38:28,325 INFO o.a.j.t.JMeterThread: Thread is done: P1-ejb 3-1
2024-04-13 15:38:28,325 INFO o.a.j.t.JMeterThread: Thread finished: P1-ejb 3-1
2024-04-13 15:38:28,326 INFO o.a.j.e.StandardJMeterEngine: Notifying test listeners of end of test
2024-04-13 15:38:28,326 INFO o.a.j.s.FileServer: Close: datagen/fichero.csv
2024-04-13 15:38:28,326 INFO o.a.j.g.u.JMeterMenuBar: setRunning(false, *local*)
2024-04-13 20:26:11,858 INFO o.a.j.e.StandardJMeterEngine: Running the test!
2024-04-13 20:26:11,858 INFO o.a.j.s.SampleEvent: List of sample_variables: []
2024-04-13 20:26:11,860 INFO o.a.j.g.u.JMeterMenuBar: setRunning(true, *local*)
2024-04-13 20:26:11,898 INFO o.a.j.e.StandardJMeterEngine: Starting ThreadGroup: 1 : P1-base
2024-04-13 20:26:11,898 INFO o.a.j.e.StandardJMeterEngine: Starting 1 threads for group P1-base.
2024-04-13 20:26:11,898 INFO o.a.j.e.StandardJMeterEngine: Thread will continue on error
2024-04-13 20:26:11,898 INFO o.a.j.t.ThreadGroup: Starting thread group... number=1 threads=1 ramp-up=5 delayedStart=false
2024-04-13 20:26:11,899 INFO o.a.j.t.ThreadGroup: Started thread group number 1
2024-04-13 20:26:11,899 INFO o.a.j.e.StandardJMeterEngine: Waiting for thread group: P1-base to finish before starting next group
2024-04-13 20:26:11,899 INFO o.a.j.t.JMeterThread: Thread started: P1-base 1-1
2024-04-13 20:26:11,900 INFO o.a.j.s.FileServer: Stored: datagen/fichero.csv
2024-04-13 20:26:29,087 INFO o.a.j.t.JMeterThread: Thread is done: P1-base 1-1
2024-04-13 20:26:29,087 INFO o.a.j.t.JMeterThread: Thread finished: P1-base 1-1
2024-04-13 20:26:29,087 INFO o.a.j.e.StandardJMeterEngine: Starting ThreadGroup: 2 : P1-ws
2024-04-13 20:26:29,088 INFO o.a.j.e.StandardJMeterEngine: Starting 1 threads for group P1-ws.
2024-04-13 20:26:29,088 INFO o.a.j.e.StandardJMeterEngine: Thread will continue on error
2024-04-13 20:26:29,088 INFO o.a.j.t.ThreadGroup: Starting thread group... number=2 threads=1 ramp-up=5 delayedStart=false
2024-04-13 20:26:29,088 INFO o.a.j.t.ThreadGroup: Started thread group number 2
2024-04-13 20:26:29,088 INFO o.a.j.e.StandardJMeterEngine: Waiting for thread group: P1-ws to finish before starting next group
2024-04-13 20:26:29,088 INFO o.a.j.t.JMeterThread: Thread started: P1-ws 2-1
2024-04-13 20:27:02,080 INFO o.a.j.t.JMeterThread: Thread is done: P1-ws 2-1
2024-04-13 20:27:02,080 INFO o.a.j.t.JMeterThread: Thread finished: P1-ws 2-1
2024-04-13 20:27:02,081 INFO o.a.j.e.StandardJMeterEngine: Starting ThreadGroup: 3 : P1-ejb
2024-04-13 20:27:02,081 INFO o.a.j.e.StandardJMeterEngine: Starting 1 threads for group P1-ejb.
2024-04-13 20:27:02,081 INFO o.a.j.e.StandardJMeterEngine: Thread will continue on error
2024-04-13 20:27:02,081 INFO o.a.j.t.ThreadGroup: Starting thread group... number=3 threads=1 ramp-up=5 delayedStart=false
2024-04-13 20:27:02,082 INFO o.a.j.t.ThreadGroup: Started thread group number 3
2024-04-13 20:27:02,082 INFO o.a.j.e.StandardJMeterEngine: All thread groups have been started
2024-04-13 20:27:02,082 INFO o.a.j.t.JMeterThread: Thread started: P1-ejb 3-1
2024-04-13 20:27:27,358 INFO o.a.j.t.JMeterThread: Thread is done: P1-ejb 3-1
2024-04-13 20:27:27,358 INFO o.a.j.t.JMeterThread: Thread finished: P1-ejb 3-1
2024-04-13 20:27:27,359 INFO o.a.j.e.StandardJMeterEngine: Notifying test listeners of end of test
2024-04-13 20:27:27,359 INFO o.a.j.s.FileServer: Close: datagen/fichero.csv
2024-04-13 20:27:27,359 INFO o.a.j.g.u.JMeterMenuBar: setRunning(false, *local*)
2024-04-13 20:27:44,698 INFO o.a.j.e.StandardJMeterEngine: Running the test!
2024-04-13 20:27:44,698 INFO o.a.j.s.SampleEvent: List of sample_variables: []
2024-04-13 20:27:44,701 INFO o.a.j.g.u.JMeterMenuBar: setRunning(true, *local*)
2024-04-13 20:27:44,746 INFO o.a.j.e.StandardJMeterEngine: Starting ThreadGroup: 1 : P1-base
2024-04-13 20:27:44,746 INFO o.a.j.e.StandardJMeterEngine: Starting 1 threads for group P1-base.
2024-04-13 20:27:44,746 INFO o.a.j.e.StandardJMeterEngine: Thread will continue on error
2024-04-13 20:27:44,747 INFO o.a.j.t.ThreadGroup: Starting thread group... number=1 threads=1 ramp-up=5 delayedStart=false
2024-04-13 20:27:44,747 INFO o.a.j.t.ThreadGroup: Started thread group number 1
2024-04-13 20:27:44,747 INFO o.a.j.e.StandardJMeterEngine: Waiting for thread group: P1-base to finish before starting next group
2024-04-13 20:27:44,747 INFO o.a.j.t.JMeterThread: Thread started: P1-base 1-1
2024-04-13 20:27:44,748 INFO o.a.j.s.FileServer: Stored: datagen/fichero.csv
2024-04-13 20:27:53,502 INFO o.a.j.t.JMeterThread: Thread is done: P1-base 1-1
2024-04-13 20:27:53,502 INFO o.a.j.t.JMeterThread: Thread finished: P1-base 1-1
2024-04-13 20:27:53,502 INFO o.a.j.e.StandardJMeterEngine: Starting ThreadGroup: 2 : P1-ws
2024-04-13 20:27:53,502 INFO o.a.j.e.StandardJMeterEngine: Starting 1 threads for group P1-ws.
2024-04-13 20:27:53,502 INFO o.a.j.e.StandardJMeterEngine: Thread will continue on error
2024-04-13 20:27:53,503 INFO o.a.j.t.ThreadGroup: Starting thread group... number=2 threads=1 ramp-up=5 delayedStart=false
2024-04-13 20:27:53,503 INFO o.a.j.t.ThreadGroup: Started thread group number 2
2024-04-13 20:27:53,503 INFO o.a.j.e.StandardJMeterEngine: Waiting for thread group: P1-ws to finish before starting next group
2024-04-13 20:27:53,504 INFO o.a.j.t.JMeterThread: Thread started: P1-ws 2-1
2024-04-13 20:28:13,197 INFO o.a.j.t.JMeterThread: Thread is done: P1-ws 2-1
2024-04-13 20:28:13,197 INFO o.a.j.t.JMeterThread: Thread finished: P1-ws 2-1
2024-04-13 20:28:13,197 INFO o.a.j.e.StandardJMeterEngine: Starting ThreadGroup: 3 : P1-ejb
2024-04-13 20:28:13,197 INFO o.a.j.e.StandardJMeterEngine: Starting 1 threads for group P1-ejb.
2024-04-13 20:28:13,197 INFO o.a.j.e.StandardJMeterEngine: Thread will continue on error
2024-04-13 20:28:13,198 INFO o.a.j.t.ThreadGroup: Starting thread group... number=3 threads=1 ramp-up=5 delayedStart=false
2024-04-13 20:28:13,198 INFO o.a.j.t.ThreadGroup: Started thread group number 3
2024-04-13 20:28:13,198 INFO o.a.j.e.StandardJMeterEngine: All thread groups have been started
2024-04-13 20:28:13,198 INFO o.a.j.t.JMeterThread: Thread started: P1-ejb 3-1
2024-04-13 20:28:29,959 INFO o.a.j.t.JMeterThread: Thread is done: P1-ejb 3-1
2024-04-13 20:28:29,959 INFO o.a.j.t.JMeterThread: Thread finished: P1-ejb 3-1
2024-04-13 20:28:29,959 INFO o.a.j.e.StandardJMeterEngine: Notifying test listeners of end of test
2024-04-13 20:28:29,960 INFO o.a.j.s.FileServer: Close: datagen/fichero.csv
2024-04-13 20:28:29,960 INFO o.a.j.g.u.JMeterMenuBar: setRunning(false, *local*)
2024-04-13 20:30:05,546 INFO o.a.j.e.StandardJMeterEngine: Running the test!
2024-04-13 20:30:05,546 INFO o.a.j.s.SampleEvent: List of sample_variables: []
2024-04-13 20:30:05,548 INFO o.a.j.g.u.JMeterMenuBar: setRunning(true, *local*)
2024-04-13 20:30:05,584 INFO o.a.j.e.StandardJMeterEngine: Starting ThreadGroup: 1 : P1-base
2024-04-13 20:30:05,584 INFO o.a.j.e.StandardJMeterEngine: Starting 1 threads for group P1-base.
2024-04-13 20:30:05,584 INFO o.a.j.e.StandardJMeterEngine: Thread will continue on error
2024-04-13 20:30:05,584 INFO o.a.j.t.ThreadGroup: Starting thread group... number=1 threads=1 ramp-up=5 delayedStart=false
2024-04-13 20:30:05,585 INFO o.a.j.t.ThreadGroup: Started thread group number 1
2024-04-13 20:30:05,585 INFO o.a.j.e.StandardJMeterEngine: Waiting for thread group: P1-base to finish before starting next group
2024-04-13 20:30:05,585 INFO o.a.j.t.JMeterThread: Thread started: P1-base 1-1
2024-04-13 20:30:05,586 INFO o.a.j.s.FileServer: Stored: datagen/fichero.csv
2024-04-13 20:30:11,590 INFO o.a.j.t.JMeterThread: Thread is done: P1-base 1-1
2024-04-13 20:30:11,590 INFO o.a.j.t.JMeterThread: Thread finished: P1-base 1-1
2024-04-13 20:30:11,590 INFO o.a.j.e.StandardJMeterEngine: Starting ThreadGroup: 2 : P1-ws
2024-04-13 20:30:11,590 INFO o.a.j.e.StandardJMeterEngine: Starting 1 threads for group P1-ws.
2024-04-13 20:30:11,590 INFO o.a.j.e.StandardJMeterEngine: Thread will continue on error
2024-04-13 20:30:11,590 INFO o.a.j.t.ThreadGroup: Starting thread group... number=2 threads=1 ramp-up=5 delayedStart=false
2024-04-13 20:30:11,591 INFO o.a.j.t.ThreadGroup: Started thread group number 2
2024-04-13 20:30:11,591 INFO o.a.j.e.StandardJMeterEngine: Waiting for thread group: P1-ws to finish before starting next group
2024-04-13 20:30:11,591 INFO o.a.j.t.JMeterThread: Thread started: P1-ws 2-1
2024-04-13 20:30:28,352 INFO o.a.j.t.JMeterThread: Thread is done: P1-ws 2-1
2024-04-13 20:30:28,352 INFO o.a.j.t.JMeterThread: Thread finished: P1-ws 2-1
2024-04-13 20:30:28,352 INFO o.a.j.e.StandardJMeterEngine: Starting ThreadGroup: 3 : P1-ejb
2024-04-13 20:30:28,352 INFO o.a.j.e.StandardJMeterEngine: Starting 1 threads for group P1-ejb.
2024-04-13 20:30:28,352 INFO o.a.j.e.StandardJMeterEngine: Thread will continue on error
2024-04-13 20:30:28,352 INFO o.a.j.t.ThreadGroup: Starting thread group... number=3 threads=1 ramp-up=5 delayedStart=false
2024-04-13 20:30:28,353 INFO o.a.j.t.ThreadGroup: Started thread group number 3
2024-04-13 20:30:28,353 INFO o.a.j.e.StandardJMeterEngine: All thread groups have been started
2024-04-13 20:30:28,353 INFO o.a.j.t.JMeterThread: Thread started: P1-ejb 3-1
2024-04-13 20:30:43,543 INFO o.a.j.t.JMeterThread: Thread is done: P1-ejb 3-1
2024-04-13 20:30:43,543 INFO o.a.j.t.JMeterThread: Thread finished: P1-ejb 3-1
2024-04-13 20:30:43,544 INFO o.a.j.e.StandardJMeterEngine: Notifying test listeners of end of test
2024-04-13 20:30:43,544 INFO o.a.j.s.FileServer: Close: datagen/fichero.csv
2024-04-13 20:30:43,544 INFO o.a.j.g.u.JMeterMenuBar: setRunning(false, *local*)
2024-04-13 20:51:03,152 INFO o.a.j.e.StandardJMeterEngine: Running the test!
2024-04-13 20:51:03,152 INFO o.a.j.s.SampleEvent: List of sample_variables: []
2024-04-13 20:51:03,153 INFO o.a.j.g.u.JMeterMenuBar: setRunning(true, *local*)
2024-04-13 20:51:03,199 INFO o.a.j.e.StandardJMeterEngine: Starting ThreadGroup: 1 : P1-base
2024-04-13 20:51:03,199 INFO o.a.j.e.StandardJMeterEngine: Starting 1 threads for group P1-base.
2024-04-13 20:51:03,199 INFO o.a.j.e.StandardJMeterEngine: Thread will continue on error
2024-04-13 20:51:03,199 INFO o.a.j.t.ThreadGroup: Starting thread group... number=1 threads=1 ramp-up=5 delayedStart=false
2024-04-13 20:51:03,200 INFO o.a.j.t.ThreadGroup: Started thread group number 1
2024-04-13 20:51:03,201 INFO o.a.j.e.StandardJMeterEngine: All thread groups have been started
2024-04-13 20:51:03,201 INFO o.a.j.t.JMeterThread: Thread started: P1-base 1-1
2024-04-13 20:51:03,201 INFO o.a.j.s.FileServer: Stored: datagen/fichero.csv
2024-04-13 20:51:20,952 INFO o.a.j.t.JMeterThread: Thread is done: P1-base 1-1
2024-04-13 20:51:20,952 INFO o.a.j.t.JMeterThread: Thread finished: P1-base 1-1
2024-04-13 20:51:20,953 INFO o.a.j.e.StandardJMeterEngine: Notifying test listeners of end of test
2024-04-13 20:51:20,953 INFO o.a.j.s.FileServer: Close: datagen/fichero.csv
2024-04-13 20:51:20,953 INFO o.a.j.g.u.JMeterMenuBar: setRunning(false, *local*)
2024-04-13 20:53:30,942 INFO o.a.j.e.StandardJMeterEngine: Running the test!
2024-04-13 20:53:30,943 INFO o.a.j.s.SampleEvent: List of sample_variables: []
2024-04-13 20:53:30,943 INFO o.a.j.g.u.JMeterMenuBar: setRunning(true, *local*)
2024-04-13 20:53:30,995 INFO o.a.j.e.StandardJMeterEngine: Starting ThreadGroup: 1 : P1-base
2024-04-13 20:53:30,995 INFO o.a.j.e.StandardJMeterEngine: Starting 1 threads for group P1-base.
2024-04-13 20:53:30,995 INFO o.a.j.e.StandardJMeterEngine: Thread will continue on error
2024-04-13 20:53:30,995 INFO o.a.j.t.ThreadGroup: Starting thread group... number=1 threads=1 ramp-up=5 delayedStart=false
2024-04-13 20:53:30,996 INFO o.a.j.t.ThreadGroup: Started thread group number 1
2024-04-13 20:53:30,996 INFO o.a.j.e.StandardJMeterEngine: All thread groups have been started
2024-04-13 20:53:30,996 INFO o.a.j.t.JMeterThread: Thread started: P1-base 1-1
2024-04-13 20:53:30,997 INFO o.a.j.s.FileServer: Stored: datagen/fichero.csv
2024-04-13 20:53:40,303 INFO o.a.j.t.JMeterThread: Thread is done: P1-base 1-1
2024-04-13 20:53:40,303 INFO o.a.j.t.JMeterThread: Thread finished: P1-base 1-1
2024-04-13 20:53:40,303 INFO o.a.j.e.StandardJMeterEngine: Notifying test listeners of end of test
2024-04-13 20:53:40,303 INFO o.a.j.s.FileServer: Close: datagen/fichero.csv
2024-04-13 20:53:40,304 INFO o.a.j.g.u.JMeterMenuBar: setRunning(false, *local*)
2024-04-13 20:54:05,170 INFO o.a.j.e.StandardJMeterEngine: Running the test!
2024-04-13 20:54:05,171 INFO o.a.j.s.SampleEvent: List of sample_variables: []
2024-04-13 20:54:05,172 INFO o.a.j.g.u.JMeterMenuBar: setRunning(true, *local*)
2024-04-13 20:54:05,209 INFO o.a.j.e.StandardJMeterEngine: Starting ThreadGroup: 1 : P1-base
2024-04-13 20:54:05,209 INFO o.a.j.e.StandardJMeterEngine: Starting 1 threads for group P1-base.
2024-04-13 20:54:05,209 INFO o.a.j.e.StandardJMeterEngine: Thread will continue on error
2024-04-13 20:54:05,209 INFO o.a.j.t.ThreadGroup: Starting thread group... number=1 threads=1 ramp-up=5 delayedStart=false
2024-04-13 20:54:05,210 INFO o.a.j.t.ThreadGroup: Started thread group number 1
2024-04-13 20:54:05,210 INFO o.a.j.e.StandardJMeterEngine: All thread groups have been started
2024-04-13 20:54:05,211 INFO o.a.j.t.JMeterThread: Thread started: P1-base 1-1
2024-04-13 20:54:05,211 INFO o.a.j.s.FileServer: Stored: datagen/fichero.csv
2024-04-13 20:54:13,752 INFO o.a.j.t.JMeterThread: Thread is done: P1-base 1-1
2024-04-13 20:54:13,752 INFO o.a.j.t.JMeterThread: Thread finished: P1-base 1-1
2024-04-13 20:54:13,752 INFO o.a.j.e.StandardJMeterEngine: Notifying test listeners of end of test
2024-04-13 20:54:13,752 INFO o.a.j.s.FileServer: Close: datagen/fichero.csv
2024-04-13 20:54:13,752 INFO o.a.j.g.u.JMeterMenuBar: setRunning(false, *local*)
2024-04-13 20:58:13,422 INFO o.a.j.e.StandardJMeterEngine: Running the test!
2024-04-13 20:58:13,422 INFO o.a.j.s.SampleEvent: List of sample_variables: []
2024-04-13 20:58:13,423 INFO o.a.j.g.u.JMeterMenuBar: setRunning(true, *local*)
2024-04-13 20:58:13,458 INFO o.a.j.e.StandardJMeterEngine: Starting ThreadGroup: 1 : P1-base
2024-04-13 20:58:13,458 INFO o.a.j.e.StandardJMeterEngine: Starting 1 threads for group P1-base.
2024-04-13 20:58:13,458 INFO o.a.j.e.StandardJMeterEngine: Thread will continue on error
2024-04-13 20:58:13,459 INFO o.a.j.t.ThreadGroup: Starting thread group... number=1 threads=1 ramp-up=5 delayedStart=false
2024-04-13 20:58:13,459 INFO o.a.j.t.ThreadGroup: Started thread group number 1
2024-04-13 20:58:13,459 INFO o.a.j.e.StandardJMeterEngine: All thread groups have been started
2024-04-13 20:58:13,460 INFO o.a.j.t.JMeterThread: Thread started: P1-base 1-1
2024-04-13 20:58:13,461 INFO o.a.j.s.FileServer: Stored: datagen/fichero.csv
2024-04-13 20:58:34,992 INFO o.a.j.t.JMeterThread: Thread is done: P1-base 1-1
2024-04-13 20:58:34,992 INFO o.a.j.t.JMeterThread: Thread finished: P1-base 1-1
2024-04-13 20:58:34,993 INFO o.a.j.e.StandardJMeterEngine: Notifying test listeners of end of test
2024-04-13 20:58:34,993 INFO o.a.j.s.FileServer: Close: datagen/fichero.csv
2024-04-13 20:58:34,993 INFO o.a.j.g.u.JMeterMenuBar: setRunning(false, *local*)
2024-04-13 21:15:15,237 INFO o.a.j.e.StandardJMeterEngine: Running the test!
2024-04-13 21:15:15,238 INFO o.a.j.s.SampleEvent: List of sample_variables: []
2024-04-13 21:15:15,238 INFO o.a.j.g.u.JMeterMenuBar: setRunning(true, *local*)
2024-04-13 21:15:15,279 INFO o.a.j.e.StandardJMeterEngine: Starting ThreadGroup: 1 : P1-base
2024-04-13 21:15:15,279 INFO o.a.j.e.StandardJMeterEngine: Starting 1 threads for group P1-base.
2024-04-13 21:15:15,279 INFO o.a.j.e.StandardJMeterEngine: Thread will continue on error
2024-04-13 21:15:15,279 INFO o.a.j.t.ThreadGroup: Starting thread group... number=1 threads=1 ramp-up=5 delayedStart=false
2024-04-13 21:15:15,280 INFO o.a.j.t.ThreadGroup: Started thread group number 1
2024-04-13 21:15:15,280 INFO o.a.j.e.StandardJMeterEngine: All thread groups have been started
2024-04-13 21:15:15,280 INFO o.a.j.t.JMeterThread: Thread started: P1-base 1-1
2024-04-13 21:15:15,281 INFO o.a.j.s.FileServer: Stored: datagen/fichero.csv
2024-04-13 21:15:24,814 INFO o.a.j.t.JMeterThread: Thread is done: P1-base 1-1
2024-04-13 21:15:24,815 INFO o.a.j.t.JMeterThread: Thread finished: P1-base 1-1
2024-04-13 21:15:24,815 INFO o.a.j.e.StandardJMeterEngine: Notifying test listeners of end of test
2024-04-13 21:15:24,815 INFO o.a.j.s.FileServer: Close: datagen/fichero.csv
2024-04-13 21:15:24,815 INFO o.a.j.g.u.JMeterMenuBar: setRunning(false, *local*)
2024-04-13 21:15:29,120 INFO o.a.j.e.StandardJMeterEngine: Running the test!
2024-04-13 21:15:29,120 INFO o.a.j.s.SampleEvent: List of sample_variables: []
2024-04-13 21:15:29,121 INFO o.a.j.g.u.JMeterMenuBar: setRunning(true, *local*)
2024-04-13 21:15:29,157 INFO o.a.j.e.StandardJMeterEngine: Starting ThreadGroup: 1 : P1-base
2024-04-13 21:15:29,157 INFO o.a.j.e.StandardJMeterEngine: Starting 1 threads for group P1-base.
2024-04-13 21:15:29,157 INFO o.a.j.e.StandardJMeterEngine: Thread will continue on error
2024-04-13 21:15:29,157 INFO o.a.j.t.ThreadGroup: Starting thread group... number=1 threads=1 ramp-up=5 delayedStart=false
2024-04-13 21:15:29,158 INFO o.a.j.t.ThreadGroup: Started thread group number 1
2024-04-13 21:15:29,158 INFO o.a.j.e.StandardJMeterEngine: All thread groups have been started
2024-04-13 21:15:29,158 INFO o.a.j.t.JMeterThread: Thread started: P1-base 1-1
2024-04-13 21:15:29,158 INFO o.a.j.s.FileServer: Stored: datagen/fichero.csv
2024-04-13 21:15:37,501 INFO o.a.j.t.JMeterThread: Thread is done: P1-base 1-1
2024-04-13 21:15:37,501 INFO o.a.j.t.JMeterThread: Thread finished: P1-base 1-1
2024-04-13 21:15:37,501 INFO o.a.j.e.StandardJMeterEngine: Notifying test listeners of end of test
2024-04-13 21:15:37,501 INFO o.a.j.s.FileServer: Close: datagen/fichero.csv
2024-04-13 21:15:37,502 INFO o.a.j.g.u.JMeterMenuBar: setRunning(false, *local*)
2024-04-13 21:26:44,722 INFO o.a.j.e.StandardJMeterEngine: Running the test!
2024-04-13 21:26:44,722 INFO o.a.j.s.SampleEvent: List of sample_variables: []
2024-04-13 21:26:44,723 INFO o.a.j.g.u.JMeterMenuBar: setRunning(true, *local*)
2024-04-13 21:26:44,769 INFO o.a.j.e.StandardJMeterEngine: Starting ThreadGroup: 1 : P1-base
2024-04-13 21:26:44,769 INFO o.a.j.e.StandardJMeterEngine: Starting 1 threads for group P1-base.
2024-04-13 21:26:44,769 INFO o.a.j.e.StandardJMeterEngine: Thread will continue on error
2024-04-13 21:26:44,769 INFO o.a.j.t.ThreadGroup: Starting thread group... number=1 threads=1 ramp-up=5 delayedStart=false
2024-04-13 21:26:44,770 INFO o.a.j.t.ThreadGroup: Started thread group number 1
2024-04-13 21:26:44,770 INFO o.a.j.e.StandardJMeterEngine: All thread groups have been started
2024-04-13 21:26:44,771 INFO o.a.j.t.JMeterThread: Thread started: P1-base 1-1
2024-04-13 21:26:44,771 INFO o.a.j.s.FileServer: Stored: datagen/fichero.csv
2024-04-13 21:26:53,403 INFO o.a.j.t.JMeterThread: Thread is done: P1-base 1-1
2024-04-13 21:26:53,403 INFO o.a.j.t.JMeterThread: Thread finished: P1-base 1-1
2024-04-13 21:26:53,403 INFO o.a.j.e.StandardJMeterEngine: Notifying test listeners of end of test
2024-04-13 21:26:53,403 INFO o.a.j.s.FileServer: Close: datagen/fichero.csv
2024-04-13 21:26:53,403 INFO o.a.j.g.u.JMeterMenuBar: setRunning(false, *local*)
