2024-05-02 17:08:01,946 INFO o.a.j.u.JMeterUtils: Setting Locale to en_US
2024-05-02 17:08:01,969 INFO o.a.j.JMeter: Loading user properties from: /home/daniel/apache-jmeter-5.6.3/bin/user.properties
2024-05-02 17:08:01,969 INFO o.a.j.JMeter: Loading system properties from: /home/daniel/apache-jmeter-5.6.3/bin/system.properties
2024-05-02 17:08:01,976 INFO o.a.j.JMeter: Copyright (c) 1998-2024 The Apache Software Foundation
2024-05-02 17:08:01,976 INFO o.a.j.JMeter: Version 5.6.3
2024-05-02 17:08:01,976 INFO o.a.j.JMeter: java.version=21.0.2
2024-05-02 17:08:01,976 INFO o.a.j.JMeter: java.vm.name=Java HotSpot(TM) 64-Bit Server VM
2024-05-02 17:08:01,976 INFO o.a.j.JMeter: os.name=Linux
2024-05-02 17:08:01,976 INFO o.a.j.JMeter: os.arch=amd64
2024-05-02 17:08:01,976 INFO o.a.j.JMeter: os.version=6.5.0-28-generic
2024-05-02 17:08:01,976 INFO o.a.j.JMeter: file.encoding=UTF-8
2024-05-02 17:08:01,977 INFO o.a.j.JMeter: java.awt.headless=null
2024-05-02 17:08:01,977 INFO o.a.j.JMeter: Max memory     =8258584576
2024-05-02 17:08:01,977 INFO o.a.j.JMeter: Available Processors =16
2024-05-02 17:08:01,985 INFO o.a.j.JMeter: Default Locale=English (United States)
2024-05-02 17:08:01,986 INFO o.a.j.JMeter: JMeter  Locale=English (United States)
2024-05-02 17:08:01,986 INFO o.a.j.JMeter: JMeterHome=/home/daniel/apache-jmeter-5.6.3
2024-05-02 17:08:01,986 INFO o.a.j.JMeter: user.dir  =/home/daniel/Documents/ing.informatica/tercero/segundo/si2/practica/SI2P3_2321_1/P3
2024-05-02 17:08:01,986 INFO o.a.j.JMeter: PWD       =/home/daniel/Documents/ing.informatica/tercero/segundo/si2/practica/SI2P3_2321_1/P3
2024-05-02 17:08:01,986 INFO o.a.j.JMeter: IP: 127.0.1.1 Name: daniel-ROG-Strix-G513IC-G513IC FullName: daniel-ROG-Strix-G513IC-G513IC
2024-05-02 17:08:02,000 INFO o.a.j.JMeter: Loaded icon properties from org/apache/jmeter/images/icon.properties
2024-05-02 17:08:02,222 INFO o.a.j.JMeterGuiLauncher: Setting LAF to: com.github.weisj.darklaf.DarkLaf:com.github.weisj.darklaf.theme.DarculaTheme
2024-05-02 17:08:27,642 INFO o.a.j.s.FileServer: Default base='/home/daniel/Documents/ing.informatica/tercero/segundo/si2/practica/SI2P3_2321_1/P3'
2024-05-02 17:08:27,644 INFO o.a.j.g.a.Load: Loading file: /home/daniel/Documents/ing.informatica/tercero/segundo/si2/practica/SI2P3_2321_1/P3/P2.jmx
2024-05-02 17:08:27,645 INFO o.a.j.s.FileServer: Set new base='/home/daniel/Documents/ing.informatica/tercero/segundo/si2/practica/SI2P3_2321_1/P3'
2024-05-02 17:08:27,784 INFO o.a.j.s.SaveService: Testplan (JMX) version: 2.2. Testlog (JTL) version: 2.2
2024-05-02 17:08:27,805 INFO o.a.j.s.SaveService: Using SaveService properties version 5.0
2024-05-02 17:08:27,806 INFO o.a.j.s.SaveService: Using SaveService properties file encoding UTF-8
2024-05-02 17:08:27,807 INFO o.a.j.s.SaveService: Loading file: /home/daniel/Documents/ing.informatica/tercero/segundo/si2/practica/SI2P3_2321_1/P3/P2.jmx
2024-05-02 17:08:27,834 INFO o.a.j.p.h.s.HTTPSamplerBase: Parser for text/html is org.apache.jmeter.protocol.http.parser.LagartoBasedHtmlParser
2024-05-02 17:08:27,834 INFO o.a.j.p.h.s.HTTPSamplerBase: Parser for application/xhtml+xml is org.apache.jmeter.protocol.http.parser.LagartoBasedHtmlParser
2024-05-02 17:08:27,834 INFO o.a.j.p.h.s.HTTPSamplerBase: Parser for application/xml is org.apache.jmeter.protocol.http.parser.LagartoBasedHtmlParser
2024-05-02 17:08:27,834 INFO o.a.j.p.h.s.HTTPSamplerBase: Parser for text/xml is org.apache.jmeter.protocol.http.parser.LagartoBasedHtmlParser
2024-05-02 17:08:27,834 INFO o.a.j.p.h.s.HTTPSamplerBase: Parser for text/vnd.wap.wml is org.apache.jmeter.protocol.http.parser.RegexpHTMLParser
2024-05-02 17:08:27,834 INFO o.a.j.p.h.s.HTTPSamplerBase: Parser for text/css is org.apache.jmeter.protocol.http.parser.CssParser
2024-05-02 17:08:28,176 INFO o.a.j.s.SampleResult: Note: Sample TimeStamps are START times
2024-05-02 17:08:28,176 INFO o.a.j.s.SampleResult: sampleresult.default.encoding is set to UTF-8
2024-05-02 17:08:28,176 INFO o.a.j.s.SampleResult: sampleresult.useNanoTime=true
2024-05-02 17:08:28,176 INFO o.a.j.s.SampleResult: sampleresult.nanoThreadSleep=5000
2024-05-02 17:08:28,318 INFO o.a.j.s.FileServer: Set new base='/home/daniel/Documents/ing.informatica/tercero/segundo/si2/practica/SI2P3_2321_1/P3'
2024-05-02 17:15:45,122 INFO o.a.j.e.StandardJMeterEngine: Running the test!
2024-05-02 17:15:45,123 INFO o.a.j.s.SampleEvent: List of sample_variables: []
2024-05-02 17:15:45,123 INFO o.a.j.s.SampleEvent: List of sample_variables: []
2024-05-02 17:15:45,124 INFO o.a.j.e.u.CompoundVariable: Note: Function class names must contain the string: '.functions.'
2024-05-02 17:15:45,124 INFO o.a.j.e.u.CompoundVariable: Note: Function class names must not contain the string: '.gui.'
2024-05-02 17:15:45,161 INFO o.a.j.g.u.JMeterMenuBar: setRunning(true, *local*)
2024-05-02 17:15:45,218 INFO o.a.j.e.StandardJMeterEngine: Starting ThreadGroup: 1 : P3
2024-05-02 17:15:45,218 INFO o.a.j.e.StandardJMeterEngine: Starting 1 threads for group P3.
2024-05-02 17:15:45,219 INFO o.a.j.e.StandardJMeterEngine: Thread will continue on error
2024-05-02 17:15:45,219 INFO o.a.j.t.ThreadGroup: Starting thread group... number=1 threads=1 ramp-up=5 delayedStart=false
2024-05-02 17:15:45,222 INFO o.a.j.t.ThreadGroup: Started thread group number 1
2024-05-02 17:15:45,222 INFO o.a.j.e.StandardJMeterEngine: All thread groups have been started
2024-05-02 17:15:45,224 INFO o.a.j.t.JMeterThread: Thread started: P3 1-1
2024-05-02 17:15:45,226 INFO o.a.j.s.FileServer: Stored: datagen/fichero.csv
2024-05-02 17:15:45,256 INFO o.a.j.p.h.s.HTTPHCAbstractImpl: Local host = daniel-ROG-Strix-G513IC-G513IC
2024-05-02 17:15:45,263 INFO o.a.j.p.h.s.HTTPHC4Impl: HTTP request retry count = 0
2024-05-02 17:16:24,697 INFO o.a.j.t.JMeterThread: Thread is done: P3 1-1
2024-05-02 17:16:24,697 INFO o.a.j.t.JMeterThread: Thread finished: P3 1-1
2024-05-02 17:16:24,698 INFO o.a.j.e.StandardJMeterEngine: Notifying test listeners of end of test
2024-05-02 17:16:24,698 INFO o.a.j.s.FileServer: Close: datagen/fichero.csv
2024-05-02 17:16:24,700 INFO o.a.j.g.u.JMeterMenuBar: setRunning(false, *local*)
